<?xml version="1.0" encoding="UTF-8"?>
<!-- Generated by org.testng.reporters.JUnitXMLReporter -->
<testsuite ignored="0" hostname="Zainaya" failures="1" tests="12" name="chromeTest" time="327.406" errors="0" timestamp="2025-02-17T18:01:25 PST">
  <testcase classname="testCases.TC01_LaunchApplication" name="testLaunchApplication" time="0.129"/>
  <testcase classname="testCases.TC06_PurchaseAGiftCertificate" name="testPurchaseAGiftCertificate" time="5.027"/>
  <testcase classname="testCases.TC03_AddToCart" name="testAddToCart" time="8.549"/>
  <testcase classname="testCases.TC02_Login" name="testLogin" time="6.166"/>
  <testcase classname="testCases.TC02_Login" name="testLogin" time="6.205"/>
  <testcase classname="testCases.TC02_Login" name="testLogin" time="7.144"/>
  <testcase classname="testCases.TC02_Login" name="testLogin" time="4.867"/>
  <testcase classname="testCases.TC02_Login" name="testLogin" time="6.308"/>
  <testcase classname="testCases.TC05_AddAnItemToWishList" name="testAddToWishList" time="5.419"/>
  <testcase classname="testCases.TC04_CompletePurchase" name="testCompletePurchase" time="63.532">
    <skipped/>
  </testcase> <!-- testCompletePurchase -->
  <testcase classname="testCases.TC04_CompletePurchase" name="testCompletePurchase" time="61.311">
    <skipped/>
  </testcase> <!-- testCompletePurchase -->
  <testcase classname="testCases.TC04_CompletePurchase" name="testCompletePurchase" time="61.048">
    <failure type="java.lang.AssertionError" message="Test encountered an unexpected error: element not interactable
  (Session info: chrome=132.0.6834.196)
Build info: version: &amp;apos;4.28.1&amp;apos;, revision: &amp;apos;73f5ad48a2&amp;apos;
System info: os.name: &amp;apos;Windows 11&amp;apos;, os.arch: &amp;apos;amd64&amp;apos;, os.version: &amp;apos;10.0&amp;apos;, java.version: &amp;apos;22.0.2&amp;apos;
Driver info: org.openqa.selenium.remote.RemoteWebDriver
Command: [c6a14d243f7f5cecc4a3228ac2b6c65d, clickElement {id=f.CEA609BC614C20907521BCF07A352387.d.648682502CC45015A191E4D5F161B9EF.e.143}]
Capabilities {acceptInsecureCerts: false, browserName: chrome, browserVersion: 132.0.6834.196, chrome: {chromedriverVersion: 132.0.6834.159 (2d77d3fc445..., userDataDir: C:\Users\shada\AppData\Loca...}, fedcm:accounts: true, goog:chromeOptions: {debuggerAddress: localhost:63401}, networkConnectionEnabled: false, pageLoadStrategy: normal, platformName: Windows 11, proxy: Proxy(), se:bidiEnabled: false, se:cdp: ws://192.168.86.41:4444/ses..., se:cdpVersion: 132.0.6834.196, setWindowRect: true, strictFileInteractability: false, timeouts: {implicit: 0, pageLoad: 300000, script: 30000}, unhandledPromptBehavior: dismiss and notify, webauthn:extension:credBlob: true, webauthn:extension:largeBlob: true, webauthn:extension:minPinLength: true, webauthn:extension:prf: true, webauthn:virtualAuthenticators: true}
Element: [[RemoteWebDriver: chrome on Windows 11 (c6a14d243f7f5cecc4a3228ac2b6c65d)] -&amp;gt; xpath: //a[normalize-space()=&amp;apos;HP LP3065&amp;apos;]]
Session ID: c6a14d243f7f5cecc4a3228ac2b6c65d">
      <![CDATA[java.lang.AssertionError: Test encountered an unexpected error: element not interactable
  (Session info: chrome=132.0.6834.196)
Build info: version: '4.28.1', revision: '73f5ad48a2'
System info: os.name: 'Windows 11', os.arch: 'amd64', os.version: '10.0', java.version: '22.0.2'
Driver info: org.openqa.selenium.remote.RemoteWebDriver
Command: [c6a14d243f7f5cecc4a3228ac2b6c65d, clickElement {id=f.CEA609BC614C20907521BCF07A352387.d.648682502CC45015A191E4D5F161B9EF.e.143}]
Capabilities {acceptInsecureCerts: false, browserName: chrome, browserVersion: 132.0.6834.196, chrome: {chromedriverVersion: 132.0.6834.159 (2d77d3fc445..., userDataDir: C:\Users\shada\AppData\Loca...}, fedcm:accounts: true, goog:chromeOptions: {debuggerAddress: localhost:63401}, networkConnectionEnabled: false, pageLoadStrategy: normal, platformName: Windows 11, proxy: Proxy(), se:bidiEnabled: false, se:cdp: ws://192.168.86.41:4444/ses..., se:cdpVersion: 132.0.6834.196, setWindowRect: true, strictFileInteractability: false, timeouts: {implicit: 0, pageLoad: 300000, script: 30000}, unhandledPromptBehavior: dismiss and notify, webauthn:extension:credBlob: true, webauthn:extension:largeBlob: true, webauthn:extension:minPinLength: true, webauthn:extension:prf: true, webauthn:virtualAuthenticators: true}
Element: [[RemoteWebDriver: chrome on Windows 11 (c6a14d243f7f5cecc4a3228ac2b6c65d)] -> xpath: //a[normalize-space()='HP LP3065']]
Session ID: c6a14d243f7f5cecc4a3228ac2b6c65d
at testCases.TC04_CompletePurchase.testCompletePurchase(TC04_CompletePurchase.java:73)
at java.base/java.util.ArrayList.forEach(ArrayList.java:1597)
at java.base/java.util.concurrent.FutureTask.run(FutureTask.java:317)
at java.base/java.util.concurrent.ThreadPoolExecutor.runWorker(ThreadPoolExecutor.java:1144)
at java.base/java.util.concurrent.ThreadPoolExecutor$Worker.run(ThreadPoolExecutor.java:642)
at java.base/java.lang.Thread.run(Thread.java:1570)
... Removed 16 stack frames]]>
    </failure>
  </testcase> <!-- testCompletePurchase -->
</testsuite> <!-- chromeTest -->
