<!DOCTYPE html PUBLIC "-//W3C//DTD XHTML 1.1//EN" "https://www.w3.org/TR/xhtml11/DTD/xhtml11.dtd">
<html xmlns="https://www.w3.org/1999/xhtml">
<head>
<meta http-equiv="content-type" content="text/html; charset=UTF-8"/>
<title>TestNG Report</title>
<style type="text/css">table {margin-bottom:10px;border-collapse:collapse;empty-cells:show}th,td {border:1px solid #009;padding:.25em .5em}th {vertical-align:bottom}td {vertical-align:top}table a {font-weight:bold}.stripe td {background-color: #E6EBF9}.num {text-align:right}.passedodd td {background-color: #3F3}.passedeven td {background-color: #0A0}.skippedodd td {background-color: #DDD}.skippedeven td {background-color: #CCC}.failedodd td,.attn {background-color: #F33}.failedeven td,.stripe .attn {background-color: #D00}.stacktrace {white-space:pre;font-family:monospace}.totop {font-size:85%;text-align:center;border-bottom:2px solid #000}.invisible {display:none}</style>
</head>
<body>
<table>
<tr><th>Test</th><th># Passed</th><th># Skipped</th><th># Retried</th><th># Failed</th><th>Time (ms)</th><th>Included Groups</th><th>Excluded Groups</th></tr>
<tr><th colspan="8">Suite</th></tr>
<tr><td><a href="#t0">edgeTest</a></td><td class="num">10</td><td class="num">0</td><td class="num">0</td><td class="num">0</td><td class="num">201,472</td><td>datadriven, regression, smoke</td><td></td></tr>
<tr class="stripe"><td><a href="#t1">firefoxTest</a></td><td class="num">10</td><td class="num">0</td><td class="num">0</td><td class="num">0</td><td class="num">214,629</td><td>datadriven, regression, smoke</td><td></td></tr>
<tr><td><a href="#t2">chromeTest</a></td><td class="num">9</td><td class="num">0</td><td class="num attn">2</td><td class="num attn">1</td><td class="num">327,406</td><td>datadriven, regression, smoke</td><td></td></tr>
<tr><th>Total</th><th class="num">29</th><th class="num">0</th><th class="num attn">2</th><th class="num attn">1</th><th class="num">743,507</th><th colspan="2"></th></tr>
</table>
<table id='summary'><thead><tr><th>Class</th><th>Method</th><th>Start</th><th>Time (ms)</th></tr></thead><tbody><tr><th colspan="4">Suite</th></tr></tbody><tbody id="t0"><tr><th colspan="4">edgeTest &#8212; passed</th></tr><tr class="passedeven"><td rowspan="1">testCases.TC01_LaunchApplication</td><td><a href="#m0">testLaunchApplication</a></td><td rowspan="1">1739843764790</td><td rowspan="1">288</td></tr><tr class="passedodd"><td rowspan="5">testCases.TC02_Login</td><td><a href="#m1">testLogin</a></td><td rowspan="5">1739843842793</td><td rowspan="5">5436</td></tr><tr class="passedodd"><td><a href="#m2">testLogin</a></td></tr><tr class="passedodd"><td><a href="#m3">testLogin</a></td></tr><tr class="passedodd"><td><a href="#m4">testLogin</a></td></tr><tr class="passedodd"><td><a href="#m5">testLogin</a></td></tr><tr class="passedeven"><td rowspan="1">testCases.TC03_AddToCart</td><td><a href="#m6">testAddToCart</a></td><td rowspan="1">1739843804632</td><td rowspan="1">8677</td></tr><tr class="passedodd"><td rowspan="1">testCases.TC04_CompletePurchase</td><td><a href="#m7">testCompletePurchase</a></td><td rowspan="1">1739843880836</td><td rowspan="1">75713</td></tr><tr class="passedeven"><td rowspan="1">testCases.TC05_AddAnItemToWishList</td><td><a href="#m8">testAddToWishList</a></td><td rowspan="1">1739843861703</td><td rowspan="1">5140</td></tr><tr class="passedodd"><td rowspan="1">testCases.TC06_PurchaseAGiftCertificate</td><td><a href="#m9">testPurchaseAGiftCertificate</a></td><td rowspan="1">1739843780468</td><td rowspan="1">7350</td></tr></tbody>
<tbody id="t1"><tr><th colspan="4">firefoxTest &#8212; passed</th></tr><tr class="passedeven"><td rowspan="1">testCases.TC01_LaunchApplication</td><td><a href="#m10">testLaunchApplication</a></td><td rowspan="1">1739843772744</td><td rowspan="1">92</td></tr><tr class="passedodd"><td rowspan="5">testCases.TC02_Login</td><td><a href="#m11">testLogin</a></td><td rowspan="5">1739843834943</td><td rowspan="5">4490</td></tr><tr class="passedodd"><td><a href="#m12">testLogin</a></td></tr><tr class="passedodd"><td><a href="#m13">testLogin</a></td></tr><tr class="passedodd"><td><a href="#m14">testLogin</a></td></tr><tr class="passedodd"><td><a href="#m15">testLogin</a></td></tr><tr class="passedeven"><td rowspan="1">testCases.TC03_AddToCart</td><td><a href="#m16">testAddToCart</a></td><td rowspan="1">1739843809079</td><td rowspan="1">3784</td></tr><tr class="passedodd"><td rowspan="1">testCases.TC04_CompletePurchase</td><td><a href="#m17">testCompletePurchase</a></td><td rowspan="1">1739843896933</td><td rowspan="1">72212</td></tr><tr class="passedeven"><td rowspan="1">testCases.TC05_AddAnItemToWishList</td><td><a href="#m18">testAddToWishList</a></td><td rowspan="1">1739843871218</td><td rowspan="1">5697</td></tr><tr class="passedodd"><td rowspan="1">testCases.TC06_PurchaseAGiftCertificate</td><td><a href="#m19">testPurchaseAGiftCertificate</a></td><td rowspan="1">1739843789512</td><td rowspan="1">3511</td></tr></tbody>
<tbody id="t2"><tr><th colspan="4">chromeTest &#8212; failed</th></tr><tr class="failedeven"><td rowspan="1">testCases.TC04_CompletePurchase</td><td><a href="#m20">testCompletePurchase</a></td><td rowspan="1">1739844022218</td><td rowspan="1">61048</td></tr><tr><th colspan="4">chromeTest &#8212; retried</th></tr><tr class="retriedeven"><td rowspan="2">testCases.TC04_CompletePurchase</td><td><a href="#m21">testCompletePurchase</a></td><td rowspan="2">1739843897369</td><td rowspan="2">63532</td></tr><tr class="retriedeven"><td><a href="#m22">testCompletePurchase</a></td></tr><tr><th colspan="4">chromeTest &#8212; passed</th></tr><tr class="passedeven"><td rowspan="1">testCases.TC01_LaunchApplication</td><td><a href="#m23">testLaunchApplication</a></td><td rowspan="1">1739843770469</td><td rowspan="1">129</td></tr><tr class="passedodd"><td rowspan="5">testCases.TC02_Login</td><td><a href="#m24">testLogin</a></td><td rowspan="5">1739843853803</td><td rowspan="5">4867</td></tr><tr class="passedodd"><td><a href="#m25">testLogin</a></td></tr><tr class="passedodd"><td><a href="#m26">testLogin</a></td></tr><tr class="passedodd"><td><a href="#m27">testLogin</a></td></tr><tr class="passedodd"><td><a href="#m28">testLogin</a></td></tr><tr class="passedeven"><td rowspan="1">testCases.TC03_AddToCart</td><td><a href="#m29">testAddToCart</a></td><td rowspan="1">1739843803897</td><td rowspan="1">8549</td></tr><tr class="passedodd"><td rowspan="1">testCases.TC05_AddAnItemToWishList</td><td><a href="#m30">testAddToWishList</a></td><td rowspan="1">1739843882172</td><td rowspan="1">5419</td></tr><tr class="passedeven"><td rowspan="1">testCases.TC06_PurchaseAGiftCertificate</td><td><a href="#m31">testPurchaseAGiftCertificate</a></td><td rowspan="1">1739843791809</td><td rowspan="1">5027</td></tr></tbody>
</table>
<h2>edgeTest</h2><h3 id="m0">testCases.TC01_LaunchApplication#testLaunchApplication</h3><table class="result"><tr><th class="invisible"/></tr></table><p class="totop"><a href="#summary">back to summary</a></p>
<h3 id="m1">testCases.TC02_Login#testLogin</h3><table class="result"><tr class="param"><th>Parameter #1</th><th>Parameter #2</th></tr><tr class="param stripe"><td>otisdog22@yahoo.com</td><td>1234QWERT</td></tr></table><p class="totop"><a href="#summary">back to summary</a></p>
<h3 id="m2">testCases.TC02_Login#testLogin</h3><table class="result"><tr class="param"><th>Parameter #1</th><th>Parameter #2</th></tr><tr class="param stripe"><td>shalaka.dongre@gmail.com</td><td>Test123!</td></tr></table><p class="totop"><a href="#summary">back to summary</a></p>
<h3 id="m3">testCases.TC02_Login#testLogin</h3><table class="result"><tr class="param"><th>Parameter #1</th><th>Parameter #2</th></tr><tr class="param stripe"><td>goodmorning@gmail.com</td><td>test@1234</td></tr></table><p class="totop"><a href="#summary">back to summary</a></p>
<h3 id="m4">testCases.TC02_Login#testLogin</h3><table class="result"><tr class="param"><th>Parameter #1</th><th>Parameter #2</th></tr><tr class="param stripe"><td>sid@cloudberry.services</td><td>Test123</td></tr></table><p class="totop"><a href="#summary">back to summary</a></p>
<h3 id="m5">testCases.TC02_Login#testLogin</h3><table class="result"><tr class="param"><th>Parameter #1</th><th>Parameter #2</th></tr><tr class="param stripe"><td>test121@test.com</td><td>test123</td></tr></table><p class="totop"><a href="#summary">back to summary</a></p>
<h3 id="m6">testCases.TC03_AddToCart#testAddToCart</h3><table class="result"><tr><th class="invisible"/></tr></table><p class="totop"><a href="#summary">back to summary</a></p>
<h3 id="m7">testCases.TC04_CompletePurchase#testCompletePurchase</h3><table class="result"><tr><th class="invisible"/></tr></table><p class="totop"><a href="#summary">back to summary</a></p>
<h3 id="m8">testCases.TC05_AddAnItemToWishList#testAddToWishList</h3><table class="result"><tr><th class="invisible"/></tr></table><p class="totop"><a href="#summary">back to summary</a></p>
<h3 id="m9">testCases.TC06_PurchaseAGiftCertificate#testPurchaseAGiftCertificate</h3><table class="result"><tr><th class="invisible"/></tr></table><p class="totop"><a href="#summary">back to summary</a></p>
<h2>firefoxTest</h2><h3 id="m10">testCases.TC01_LaunchApplication#testLaunchApplication</h3><table class="result"><tr><th class="invisible"/></tr></table><p class="totop"><a href="#summary">back to summary</a></p>
<h3 id="m11">testCases.TC02_Login#testLogin</h3><table class="result"><tr class="param"><th>Parameter #1</th><th>Parameter #2</th></tr><tr class="param stripe"><td>test121@test.com</td><td>test123</td></tr></table><p class="totop"><a href="#summary">back to summary</a></p>
<h3 id="m12">testCases.TC02_Login#testLogin</h3><table class="result"><tr class="param"><th>Parameter #1</th><th>Parameter #2</th></tr><tr class="param stripe"><td>sid@cloudberry.services</td><td>Test123</td></tr></table><p class="totop"><a href="#summary">back to summary</a></p>
<h3 id="m13">testCases.TC02_Login#testLogin</h3><table class="result"><tr class="param"><th>Parameter #1</th><th>Parameter #2</th></tr><tr class="param stripe"><td>shalaka.dongre@gmail.com</td><td>Test123!</td></tr></table><p class="totop"><a href="#summary">back to summary</a></p>
<h3 id="m14">testCases.TC02_Login#testLogin</h3><table class="result"><tr class="param"><th>Parameter #1</th><th>Parameter #2</th></tr><tr class="param stripe"><td>goodmorning@gmail.com</td><td>test@1234</td></tr></table><p class="totop"><a href="#summary">back to summary</a></p>
<h3 id="m15">testCases.TC02_Login#testLogin</h3><table class="result"><tr class="param"><th>Parameter #1</th><th>Parameter #2</th></tr><tr class="param stripe"><td>otisdog22@yahoo.com</td><td>1234QWERT</td></tr></table><p class="totop"><a href="#summary">back to summary</a></p>
<h3 id="m16">testCases.TC03_AddToCart#testAddToCart</h3><table class="result"><tr><th class="invisible"/></tr></table><p class="totop"><a href="#summary">back to summary</a></p>
<h3 id="m17">testCases.TC04_CompletePurchase#testCompletePurchase</h3><table class="result"><tr><th class="invisible"/></tr></table><p class="totop"><a href="#summary">back to summary</a></p>
<h3 id="m18">testCases.TC05_AddAnItemToWishList#testAddToWishList</h3><table class="result"><tr><th class="invisible"/></tr></table><p class="totop"><a href="#summary">back to summary</a></p>
<h3 id="m19">testCases.TC06_PurchaseAGiftCertificate#testPurchaseAGiftCertificate</h3><table class="result"><tr><th class="invisible"/></tr></table><p class="totop"><a href="#summary">back to summary</a></p>
<h2>chromeTest</h2><h3 id="m20">testCases.TC04_CompletePurchase#testCompletePurchase</h3><table class="result"><tr><th>Exception</th></tr><tr><td><div class="stacktrace">java.lang.AssertionError: Test encountered an unexpected error: element not interactable
  (Session info: chrome=132.0.6834.196)
Build info: version: &apos;4.28.1&apos;, revision: &apos;73f5ad48a2&apos;
System info: os.name: &apos;Windows 11&apos;, os.arch: &apos;amd64&apos;, os.version: &apos;10.0&apos;, java.version: &apos;22.0.2&apos;
Driver info: org.openqa.selenium.remote.RemoteWebDriver
Command: [c6a14d243f7f5cecc4a3228ac2b6c65d, clickElement {id=f.CEA609BC614C20907521BCF07A352387.d.648682502CC45015A191E4D5F161B9EF.e.143}]
Capabilities {acceptInsecureCerts: false, browserName: chrome, browserVersion: 132.0.6834.196, chrome: {chromedriverVersion: 132.0.6834.159 (2d77d3fc445..., userDataDir: C:\Users\shada\AppData\Loca...}, fedcm:accounts: true, goog:chromeOptions: {debuggerAddress: localhost:63401}, networkConnectionEnabled: false, pageLoadStrategy: normal, platformName: Windows 11, proxy: Proxy(), se:bidiEnabled: false, se:cdp: ws://192.168.86.41:4444/ses..., se:cdpVersion: 132.0.6834.196, setWindowRect: true, strictFileInteractability: false, timeouts: {implicit: 0, pageLoad: 300000, script: 30000}, unhandledPromptBehavior: dismiss and notify, webauthn:extension:credBlob: true, webauthn:extension:largeBlob: true, webauthn:extension:minPinLength: true, webauthn:extension:prf: true, webauthn:virtualAuthenticators: true}
Element: [[RemoteWebDriver: chrome on Windows 11 (c6a14d243f7f5cecc4a3228ac2b6c65d)] -&gt; xpath: //a[normalize-space()=&apos;HP LP3065&apos;]]
Session ID: c6a14d243f7f5cecc4a3228ac2b6c65d
	at testCases.TC04_CompletePurchase.testCompletePurchase(TC04_CompletePurchase.java:73)
	at java.base/java.util.ArrayList.forEach(ArrayList.java:1597)
	at java.base/java.util.concurrent.FutureTask.run(FutureTask.java:317)
	at java.base/java.util.concurrent.ThreadPoolExecutor.runWorker(ThreadPoolExecutor.java:1144)
	at java.base/java.util.concurrent.ThreadPoolExecutor$Worker.run(ThreadPoolExecutor.java:642)
	at java.base/java.lang.Thread.run(Thread.java:1570)
... Removed 16 stack frames</div></td></tr></table><p class="totop"><a href="#summary">back to summary</a></p>
<h3 id="m21">testCases.TC04_CompletePurchase#testCompletePurchase</h3><table class="result"><tr><th>Exception</th></tr><tr><td><div class="stacktrace">java.lang.AssertionError: Test encountered an unexpected error: no such element: Unable to locate element: {&quot;method&quot;:&quot;xpath&quot;,&quot;selector&quot;:&quot;//input[@id=&apos;input-email&apos;]&quot;}
  (Session info: chrome=132.0.6834.196)
For documentation on this error, please visit: https://www.selenium.dev/documentation/webdriver/troubleshooting/errors#no-such-element-exception
Build info: version: &apos;4.28.1&apos;, revision: &apos;73f5ad48a2&apos;
System info: os.name: &apos;Windows 11&apos;, os.arch: &apos;amd64&apos;, os.version: &apos;10.0&apos;, java.version: &apos;22.0.2&apos;
Driver info: org.openqa.selenium.remote.RemoteWebDriver
Command: [c6a14d243f7f5cecc4a3228ac2b6c65d, findElement {using=xpath, value=//input[@id=&apos;input-email&apos;]}]
Capabilities {acceptInsecureCerts: false, browserName: chrome, browserVersion: 132.0.6834.196, chrome: {chromedriverVersion: 132.0.6834.159 (2d77d3fc445..., userDataDir: C:\Users\shada\AppData\Loca...}, fedcm:accounts: true, goog:chromeOptions: {debuggerAddress: localhost:63401}, networkConnectionEnabled: false, pageLoadStrategy: normal, platformName: Windows 11, proxy: Proxy(), se:bidiEnabled: false, se:cdp: ws://192.168.86.41:4444/ses..., se:cdpVersion: 132.0.6834.196, setWindowRect: true, strictFileInteractability: false, timeouts: {implicit: 0, pageLoad: 300000, script: 30000}, unhandledPromptBehavior: dismiss and notify, webauthn:extension:credBlob: true, webauthn:extension:largeBlob: true, webauthn:extension:minPinLength: true, webauthn:extension:prf: true, webauthn:virtualAuthenticators: true}
Session ID: c6a14d243f7f5cecc4a3228ac2b6c65d
	at testCases.TC04_CompletePurchase.testCompletePurchase(TC04_CompletePurchase.java:73)
	at java.base/java.util.ArrayList.forEach(ArrayList.java:1597)
	at java.base/java.util.concurrent.FutureTask.run(FutureTask.java:317)
	at java.base/java.util.concurrent.ThreadPoolExecutor.runWorker(ThreadPoolExecutor.java:1144)
	at java.base/java.util.concurrent.ThreadPoolExecutor$Worker.run(ThreadPoolExecutor.java:642)
	at java.base/java.lang.Thread.run(Thread.java:1570)
... Removed 16 stack frames</div></td></tr></table><p class="totop"><a href="#summary">back to summary</a></p>
<h3 id="m22">testCases.TC04_CompletePurchase#testCompletePurchase</h3><table class="result"><tr><th>Exception</th></tr><tr><td><div class="stacktrace">java.lang.AssertionError: Test encountered an unexpected error: element not interactable
  (Session info: chrome=132.0.6834.196)
Build info: version: &apos;4.28.1&apos;, revision: &apos;73f5ad48a2&apos;
System info: os.name: &apos;Windows 11&apos;, os.arch: &apos;amd64&apos;, os.version: &apos;10.0&apos;, java.version: &apos;22.0.2&apos;
Driver info: org.openqa.selenium.remote.RemoteWebDriver
Command: [c6a14d243f7f5cecc4a3228ac2b6c65d, clickElement {id=f.CEA609BC614C20907521BCF07A352387.d.097FE260EEDA297D3D8BF01A03DFB739.e.132}]
Capabilities {acceptInsecureCerts: false, browserName: chrome, browserVersion: 132.0.6834.196, chrome: {chromedriverVersion: 132.0.6834.159 (2d77d3fc445..., userDataDir: C:\Users\shada\AppData\Loca...}, fedcm:accounts: true, goog:chromeOptions: {debuggerAddress: localhost:63401}, networkConnectionEnabled: false, pageLoadStrategy: normal, platformName: Windows 11, proxy: Proxy(), se:bidiEnabled: false, se:cdp: ws://192.168.86.41:4444/ses..., se:cdpVersion: 132.0.6834.196, setWindowRect: true, strictFileInteractability: false, timeouts: {implicit: 0, pageLoad: 300000, script: 30000}, unhandledPromptBehavior: dismiss and notify, webauthn:extension:credBlob: true, webauthn:extension:largeBlob: true, webauthn:extension:minPinLength: true, webauthn:extension:prf: true, webauthn:virtualAuthenticators: true}
Element: [[RemoteWebDriver: chrome on Windows 11 (c6a14d243f7f5cecc4a3228ac2b6c65d)] -&gt; xpath: //a[normalize-space()=&apos;HP LP3065&apos;]]
Session ID: c6a14d243f7f5cecc4a3228ac2b6c65d
	at testCases.TC04_CompletePurchase.testCompletePurchase(TC04_CompletePurchase.java:73)
	at java.base/java.util.ArrayList.forEach(ArrayList.java:1597)
	at java.base/java.util.concurrent.FutureTask.run(FutureTask.java:317)
	at java.base/java.util.concurrent.ThreadPoolExecutor.runWorker(ThreadPoolExecutor.java:1144)
	at java.base/java.util.concurrent.ThreadPoolExecutor$Worker.run(ThreadPoolExecutor.java:642)
	at java.base/java.lang.Thread.run(Thread.java:1570)
... Removed 16 stack frames</div></td></tr></table><p class="totop"><a href="#summary">back to summary</a></p>
<h3 id="m23">testCases.TC01_LaunchApplication#testLaunchApplication</h3><table class="result"><tr><th class="invisible"/></tr></table><p class="totop"><a href="#summary">back to summary</a></p>
<h3 id="m24">testCases.TC02_Login#testLogin</h3><table class="result"><tr class="param"><th>Parameter #1</th><th>Parameter #2</th></tr><tr class="param stripe"><td>otisdog22@yahoo.com</td><td>1234QWERT</td></tr></table><p class="totop"><a href="#summary">back to summary</a></p>
<h3 id="m25">testCases.TC02_Login#testLogin</h3><table class="result"><tr class="param"><th>Parameter #1</th><th>Parameter #2</th></tr><tr class="param stripe"><td>sid@cloudberry.services</td><td>Test123</td></tr></table><p class="totop"><a href="#summary">back to summary</a></p>
<h3 id="m26">testCases.TC02_Login#testLogin</h3><table class="result"><tr class="param"><th>Parameter #1</th><th>Parameter #2</th></tr><tr class="param stripe"><td>shalaka.dongre@gmail.com</td><td>Test123!</td></tr></table><p class="totop"><a href="#summary">back to summary</a></p>
<h3 id="m27">testCases.TC02_Login#testLogin</h3><table class="result"><tr class="param"><th>Parameter #1</th><th>Parameter #2</th></tr><tr class="param stripe"><td>goodmorning@gmail.com</td><td>test@1234</td></tr></table><p class="totop"><a href="#summary">back to summary</a></p>
<h3 id="m28">testCases.TC02_Login#testLogin</h3><table class="result"><tr class="param"><th>Parameter #1</th><th>Parameter #2</th></tr><tr class="param stripe"><td>test121@test.com</td><td>test123</td></tr></table><p class="totop"><a href="#summary">back to summary</a></p>
<h3 id="m29">testCases.TC03_AddToCart#testAddToCart</h3><table class="result"><tr><th class="invisible"/></tr></table><p class="totop"><a href="#summary">back to summary</a></p>
<h3 id="m30">testCases.TC05_AddAnItemToWishList#testAddToWishList</h3><table class="result"><tr><th class="invisible"/></tr></table><p class="totop"><a href="#summary">back to summary</a></p>
<h3 id="m31">testCases.TC06_PurchaseAGiftCertificate#testPurchaseAGiftCertificate</h3><table class="result"><tr><th class="invisible"/></tr></table><p class="totop"><a href="#summary">back to summary</a></p>
</body>
</html>
